<?xml version="1.0" encoding="UTF-8"?>
<testsuite xmlns:xsi="http://www.w3.org/2001/XMLSchema-instance" xsi:noNamespaceSchemaLocation="https://maven.apache.org/surefire/maven-surefire-plugin/xsd/surefire-test-report.xsd" version="3.0.2" name="com.example.livestream.LivestreamApplicationTests" time="2.161" tests="1" errors="0" skipped="0" failures="0">
  <properties>
    <property name="java.specification.version" value="21"/>
    <property name="sun.jnu.encoding" value="UTF-8"/>
    <property name="java.class.path" value="/home/xuanhau/CodeSpace/freelancer/livestream_app/livestream-web-server/target/test-classes:/home/xuanhau/CodeSpace/freelancer/livestream_app/livestream-web-server/target/classes:/home/xuanhau/.m2/repository/org/springframework/boot/spring-boot-starter-data-rest/3.5.7/spring-boot-starter-data-rest-3.5.7.jar:/home/xuanhau/.m2/repository/org/springframework/data/spring-data-rest-webmvc/4.5.5/spring-data-rest-webmvc-4.5.5.jar:/home/xuanhau/.m2/repository/org/springframework/data/spring-data-rest-core/4.5.5/spring-data-rest-core-4.5.5.jar:/home/xuanhau/.m2/repository/org/springframework/spring-tx/6.2.12/spring-tx-6.2.12.jar:/home/xuanhau/.m2/repository/org/springframework/hateoas/spring-hateoas/2.5.1/spring-hateoas-2.5.1.jar:/home/xuanhau/.m2/repository/org/springframework/data/spring-data-commons/3.5.5/spring-data-commons-3.5.5.jar:/home/xuanhau/.m2/repository/org/springframework/plugin/spring-plugin-core/3.0.0/spring-plugin-core-3.0.0.jar:/home/xuanhau/.m2/repository/org/atteo/evo-inflector/1.3/evo-inflector-1.3.jar:/home/xuanhau/.m2/repository/com/fasterxml/jackson/core/jackson-databind/2.19.2/jackson-databind-2.19.2.jar:/home/xuanhau/.m2/repository/com/fasterxml/jackson/core/jackson-core/2.19.2/jackson-core-2.19.2.jar:/home/xuanhau/.m2/repository/com/fasterxml/jackson/core/jackson-annotations/2.19.2/jackson-annotations-2.19.2.jar:/home/xuanhau/.m2/repository/org/slf4j/slf4j-api/2.0.17/slf4j-api-2.0.17.jar:/home/xuanhau/.m2/repository/org/springframework/boot/spring-boot-starter-web/3.5.7/spring-boot-starter-web-3.5.7.jar:/home/xuanhau/.m2/repository/org/springframework/boot/spring-boot-starter/3.5.7/spring-boot-starter-3.5.7.jar:/home/xuanhau/.m2/repository/org/springframework/boot/spring-boot-starter-logging/3.5.7/spring-boot-starter-logging-3.5.7.jar:/home/xuanhau/.m2/repository/ch/qos/logback/logback-classic/1.5.20/logback-classic-1.5.20.jar:/home/xuanhau/.m2/repository/ch/qos/logback/logback-core/1.5.20/logback-core-1.5.20.jar:/home/xuanhau/.m2/repository/org/apache/logging/log4j/log4j-to-slf4j/2.24.3/log4j-to-slf4j-2.24.3.jar:/home/xuanhau/.m2/repository/org/apache/logging/log4j/log4j-api/2.24.3/log4j-api-2.24.3.jar:/home/xuanhau/.m2/repository/org/slf4j/jul-to-slf4j/2.0.17/jul-to-slf4j-2.0.17.jar:/home/xuanhau/.m2/repository/jakarta/annotation/jakarta.annotation-api/2.1.1/jakarta.annotation-api-2.1.1.jar:/home/xuanhau/.m2/repository/org/yaml/snakeyaml/2.4/snakeyaml-2.4.jar:/home/xuanhau/.m2/repository/org/springframework/boot/spring-boot-starter-json/3.5.7/spring-boot-starter-json-3.5.7.jar:/home/xuanhau/.m2/repository/com/fasterxml/jackson/datatype/jackson-datatype-jdk8/2.19.2/jackson-datatype-jdk8-2.19.2.jar:/home/xuanhau/.m2/repository/com/fasterxml/jackson/datatype/jackson-datatype-jsr310/2.19.2/jackson-datatype-jsr310-2.19.2.jar:/home/xuanhau/.m2/repository/com/fasterxml/jackson/module/jackson-module-parameter-names/2.19.2/jackson-module-parameter-names-2.19.2.jar:/home/xuanhau/.m2/repository/org/springframework/boot/spring-boot-starter-tomcat/3.5.7/spring-boot-starter-tomcat-3.5.7.jar:/home/xuanhau/.m2/repository/org/apache/tomcat/embed/tomcat-embed-core/10.1.48/tomcat-embed-core-10.1.48.jar:/home/xuanhau/.m2/repository/org/apache/tomcat/embed/tomcat-embed-el/10.1.48/tomcat-embed-el-10.1.48.jar:/home/xuanhau/.m2/repository/org/apache/tomcat/embed/tomcat-embed-websocket/10.1.48/tomcat-embed-websocket-10.1.48.jar:/home/xuanhau/.m2/repository/org/springframework/spring-web/6.2.12/spring-web-6.2.12.jar:/home/xuanhau/.m2/repository/org/springframework/spring-beans/6.2.12/spring-beans-6.2.12.jar:/home/xuanhau/.m2/repository/io/micrometer/micrometer-observation/1.15.5/micrometer-observation-1.15.5.jar:/home/xuanhau/.m2/repository/io/micrometer/micrometer-commons/1.15.5/micrometer-commons-1.15.5.jar:/home/xuanhau/.m2/repository/org/springframework/spring-webmvc/6.2.12/spring-webmvc-6.2.12.jar:/home/xuanhau/.m2/repository/org/springframework/spring-aop/6.2.12/spring-aop-6.2.12.jar:/home/xuanhau/.m2/repository/org/springframework/spring-context/6.2.12/spring-context-6.2.12.jar:/home/xuanhau/.m2/repository/org/springframework/spring-expression/6.2.12/spring-expression-6.2.12.jar:/home/xuanhau/.m2/repository/org/springframework/boot/spring-boot-devtools/3.5.7/spring-boot-devtools-3.5.7.jar:/home/xuanhau/.m2/repository/org/springframework/boot/spring-boot/3.5.7/spring-boot-3.5.7.jar:/home/xuanhau/.m2/repository/org/springframework/boot/spring-boot-autoconfigure/3.5.7/spring-boot-autoconfigure-3.5.7.jar:/home/xuanhau/.m2/repository/org/projectlombok/lombok/1.18.42/lombok-1.18.42.jar:/home/xuanhau/.m2/repository/org/springframework/boot/spring-boot-starter-test/3.5.7/spring-boot-starter-test-3.5.7.jar:/home/xuanhau/.m2/repository/org/springframework/boot/spring-boot-test/3.5.7/spring-boot-test-3.5.7.jar:/home/xuanhau/.m2/repository/org/springframework/boot/spring-boot-test-autoconfigure/3.5.7/spring-boot-test-autoconfigure-3.5.7.jar:/home/xuanhau/.m2/repository/com/jayway/jsonpath/json-path/2.9.0/json-path-2.9.0.jar:/home/xuanhau/.m2/repository/jakarta/xml/bind/jakarta.xml.bind-api/4.0.4/jakarta.xml.bind-api-4.0.4.jar:/home/xuanhau/.m2/repository/jakarta/activation/jakarta.activation-api/2.1.4/jakarta.activation-api-2.1.4.jar:/home/xuanhau/.m2/repository/net/minidev/json-smart/2.5.2/json-smart-2.5.2.jar:/home/xuanhau/.m2/repository/net/minidev/accessors-smart/2.5.2/accessors-smart-2.5.2.jar:/home/xuanhau/.m2/repository/org/ow2/asm/asm/9.7.1/asm-9.7.1.jar:/home/xuanhau/.m2/repository/org/assertj/assertj-core/3.27.6/assertj-core-3.27.6.jar:/home/xuanhau/.m2/repository/net/bytebuddy/byte-buddy/1.17.8/byte-buddy-1.17.8.jar:/home/xuanhau/.m2/repository/org/awaitility/awaitility/4.2.2/awaitility-4.2.2.jar:/home/xuanhau/.m2/repository/org/hamcrest/hamcrest/3.0/hamcrest-3.0.jar:/home/xuanhau/.m2/repository/org/junit/jupiter/junit-jupiter/5.12.2/junit-jupiter-5.12.2.jar:/home/xuanhau/.m2/repository/org/junit/jupiter/junit-jupiter-api/5.12.2/junit-jupiter-api-5.12.2.jar:/home/xuanhau/.m2/repository/org/opentest4j/opentest4j/1.3.0/opentest4j-1.3.0.jar:/home/xuanhau/.m2/repository/org/junit/platform/junit-platform-commons/1.12.2/junit-platform-commons-1.12.2.jar:/home/xuanhau/.m2/repository/org/apiguardian/apiguardian-api/1.1.2/apiguardian-api-1.1.2.jar:/home/xuanhau/.m2/repository/org/junit/jupiter/junit-jupiter-params/5.12.2/junit-jupiter-params-5.12.2.jar:/home/xuanhau/.m2/repository/org/junit/jupiter/junit-jupiter-engine/5.12.2/junit-jupiter-engine-5.12.2.jar:/home/xuanhau/.m2/repository/org/junit/platform/junit-platform-engine/1.12.2/junit-platform-engine-1.12.2.jar:/home/xuanhau/.m2/repository/org/mockito/mockito-core/5.17.0/mockito-core-5.17.0.jar:/home/xuanhau/.m2/repository/net/bytebuddy/byte-buddy-agent/1.17.8/byte-buddy-agent-1.17.8.jar:/home/xuanhau/.m2/repository/org/objenesis/objenesis/3.3/objenesis-3.3.jar:/home/xuanhau/.m2/repository/org/mockito/mockito-junit-jupiter/5.17.0/mockito-junit-jupiter-5.17.0.jar:/home/xuanhau/.m2/repository/org/skyscreamer/jsonassert/1.5.3/jsonassert-1.5.3.jar:/home/xuanhau/.m2/repository/com/vaadin/external/google/android-json/0.0.20131108.vaadin1/android-json-0.0.20131108.vaadin1.jar:/home/xuanhau/.m2/repository/org/springframework/spring-core/6.2.12/spring-core-6.2.12.jar:/home/xuanhau/.m2/repository/org/springframework/spring-jcl/6.2.12/spring-jcl-6.2.12.jar:/home/xuanhau/.m2/repository/org/springframework/spring-test/6.2.12/spring-test-6.2.12.jar:/home/xuanhau/.m2/repository/org/xmlunit/xmlunit-core/2.10.4/xmlunit-core-2.10.4.jar:/home/xuanhau/.m2/repository/com/mysql/mysql-connector-j/8.0.33/mysql-connector-j-8.0.33.jar:"/>
    <property name="java.vm.vendor" value="Debian"/>
    <property name="sun.arch.data.model" value="64"/>
    <property name="java.vendor.url" value="https://tracker.debian.org/openjdk-21"/>
    <property name="user.timezone" value="Asia/Ho_Chi_Minh"/>
    <property name="os.name" value="Linux"/>
    <property name="java.vm.specification.version" value="21"/>
    <property name="APPLICATION_NAME" value="livestream"/>
    <property name="sun.java.launcher" value="SUN_STANDARD"/>
    <property name="user.country" value="US"/>
    <property name="sun.boot.library.path" value="/usr/lib/jvm/java-21-openjdk-amd64/lib"/>
    <property name="sun.java.command" value="/home/xuanhau/CodeSpace/freelancer/livestream_app/livestream-web-server/target/surefire/surefirebooter-20251028154326005_3.jar /home/xuanhau/CodeSpace/freelancer/livestream_app/livestream-web-server/target/surefire 2025-10-28T15-43-25_919-jvmRun1 surefire-20251028154326005_1tmp surefire_0-20251028154326005_2tmp"/>
    <property name="jdk.debug" value="release"/>
    <property name="surefire.test.class.path" value="/home/xuanhau/CodeSpace/freelancer/livestream_app/livestream-web-server/target/test-classes:/home/xuanhau/CodeSpace/freelancer/livestream_app/livestream-web-server/target/classes:/home/xuanhau/.m2/repository/org/springframework/boot/spring-boot-starter-data-rest/3.5.7/spring-boot-starter-data-rest-3.5.7.jar:/home/xuanhau/.m2/repository/org/springframework/data/spring-data-rest-webmvc/4.5.5/spring-data-rest-webmvc-4.5.5.jar:/home/xuanhau/.m2/repository/org/springframework/data/spring-data-rest-core/4.5.5/spring-data-rest-core-4.5.5.jar:/home/xuanhau/.m2/repository/org/springframework/spring-tx/6.2.12/spring-tx-6.2.12.jar:/home/xuanhau/.m2/repository/org/springframework/hateoas/spring-hateoas/2.5.1/spring-hateoas-2.5.1.jar:/home/xuanhau/.m2/repository/org/springframework/data/spring-data-commons/3.5.5/spring-data-commons-3.5.5.jar:/home/xuanhau/.m2/repository/org/springframework/plugin/spring-plugin-core/3.0.0/spring-plugin-core-3.0.0.jar:/home/xuanhau/.m2/repository/org/atteo/evo-inflector/1.3/evo-inflector-1.3.jar:/home/xuanhau/.m2/repository/com/fasterxml/jackson/core/jackson-databind/2.19.2/jackson-databind-2.19.2.jar:/home/xuanhau/.m2/repository/com/fasterxml/jackson/core/jackson-core/2.19.2/jackson-core-2.19.2.jar:/home/xuanhau/.m2/repository/com/fasterxml/jackson/core/jackson-annotations/2.19.2/jackson-annotations-2.19.2.jar:/home/xuanhau/.m2/repository/org/slf4j/slf4j-api/2.0.17/slf4j-api-2.0.17.jar:/home/xuanhau/.m2/repository/org/springframework/boot/spring-boot-starter-web/3.5.7/spring-boot-starter-web-3.5.7.jar:/home/xuanhau/.m2/repository/org/springframework/boot/spring-boot-starter/3.5.7/spring-boot-starter-3.5.7.jar:/home/xuanhau/.m2/repository/org/springframework/boot/spring-boot-starter-logging/3.5.7/spring-boot-starter-logging-3.5.7.jar:/home/xuanhau/.m2/repository/ch/qos/logback/logback-classic/1.5.20/logback-classic-1.5.20.jar:/home/xuanhau/.m2/repository/ch/qos/logback/logback-core/1.5.20/logback-core-1.5.20.jar:/home/xuanhau/.m2/repository/org/apache/logging/log4j/log4j-to-slf4j/2.24.3/log4j-to-slf4j-2.24.3.jar:/home/xuanhau/.m2/repository/org/apache/logging/log4j/log4j-api/2.24.3/log4j-api-2.24.3.jar:/home/xuanhau/.m2/repository/org/slf4j/jul-to-slf4j/2.0.17/jul-to-slf4j-2.0.17.jar:/home/xuanhau/.m2/repository/jakarta/annotation/jakarta.annotation-api/2.1.1/jakarta.annotation-api-2.1.1.jar:/home/xuanhau/.m2/repository/org/yaml/snakeyaml/2.4/snakeyaml-2.4.jar:/home/xuanhau/.m2/repository/org/springframework/boot/spring-boot-starter-json/3.5.7/spring-boot-starter-json-3.5.7.jar:/home/xuanhau/.m2/repository/com/fasterxml/jackson/datatype/jackson-datatype-jdk8/2.19.2/jackson-datatype-jdk8-2.19.2.jar:/home/xuanhau/.m2/repository/com/fasterxml/jackson/datatype/jackson-datatype-jsr310/2.19.2/jackson-datatype-jsr310-2.19.2.jar:/home/xuanhau/.m2/repository/com/fasterxml/jackson/module/jackson-module-parameter-names/2.19.2/jackson-module-parameter-names-2.19.2.jar:/home/xuanhau/.m2/repository/org/springframework/boot/spring-boot-starter-tomcat/3.5.7/spring-boot-starter-tomcat-3.5.7.jar:/home/xuanhau/.m2/repository/org/apache/tomcat/embed/tomcat-embed-core/10.1.48/tomcat-embed-core-10.1.48.jar:/home/xuanhau/.m2/repository/org/apache/tomcat/embed/tomcat-embed-el/10.1.48/tomcat-embed-el-10.1.48.jar:/home/xuanhau/.m2/repository/org/apache/tomcat/embed/tomcat-embed-websocket/10.1.48/tomcat-embed-websocket-10.1.48.jar:/home/xuanhau/.m2/repository/org/springframework/spring-web/6.2.12/spring-web-6.2.12.jar:/home/xuanhau/.m2/repository/org/springframework/spring-beans/6.2.12/spring-beans-6.2.12.jar:/home/xuanhau/.m2/repository/io/micrometer/micrometer-observation/1.15.5/micrometer-observation-1.15.5.jar:/home/xuanhau/.m2/repository/io/micrometer/micrometer-commons/1.15.5/micrometer-commons-1.15.5.jar:/home/xuanhau/.m2/repository/org/springframework/spring-webmvc/6.2.12/spring-webmvc-6.2.12.jar:/home/xuanhau/.m2/repository/org/springframework/spring-aop/6.2.12/spring-aop-6.2.12.jar:/home/xuanhau/.m2/repository/org/springframework/spring-context/6.2.12/spring-context-6.2.12.jar:/home/xuanhau/.m2/repository/org/springframework/spring-expression/6.2.12/spring-expression-6.2.12.jar:/home/xuanhau/.m2/repository/org/springframework/boot/spring-boot-devtools/3.5.7/spring-boot-devtools-3.5.7.jar:/home/xuanhau/.m2/repository/org/springframework/boot/spring-boot/3.5.7/spring-boot-3.5.7.jar:/home/xuanhau/.m2/repository/org/springframework/boot/spring-boot-autoconfigure/3.5.7/spring-boot-autoconfigure-3.5.7.jar:/home/xuanhau/.m2/repository/org/projectlombok/lombok/1.18.42/lombok-1.18.42.jar:/home/xuanhau/.m2/repository/org/springframework/boot/spring-boot-starter-test/3.5.7/spring-boot-starter-test-3.5.7.jar:/home/xuanhau/.m2/repository/org/springframework/boot/spring-boot-test/3.5.7/spring-boot-test-3.5.7.jar:/home/xuanhau/.m2/repository/org/springframework/boot/spring-boot-test-autoconfigure/3.5.7/spring-boot-test-autoconfigure-3.5.7.jar:/home/xuanhau/.m2/repository/com/jayway/jsonpath/json-path/2.9.0/json-path-2.9.0.jar:/home/xuanhau/.m2/repository/jakarta/xml/bind/jakarta.xml.bind-api/4.0.4/jakarta.xml.bind-api-4.0.4.jar:/home/xuanhau/.m2/repository/jakarta/activation/jakarta.activation-api/2.1.4/jakarta.activation-api-2.1.4.jar:/home/xuanhau/.m2/repository/net/minidev/json-smart/2.5.2/json-smart-2.5.2.jar:/home/xuanhau/.m2/repository/net/minidev/accessors-smart/2.5.2/accessors-smart-2.5.2.jar:/home/xuanhau/.m2/repository/org/ow2/asm/asm/9.7.1/asm-9.7.1.jar:/home/xuanhau/.m2/repository/org/assertj/assertj-core/3.27.6/assertj-core-3.27.6.jar:/home/xuanhau/.m2/repository/net/bytebuddy/byte-buddy/1.17.8/byte-buddy-1.17.8.jar:/home/xuanhau/.m2/repository/org/awaitility/awaitility/4.2.2/awaitility-4.2.2.jar:/home/xuanhau/.m2/repository/org/hamcrest/hamcrest/3.0/hamcrest-3.0.jar:/home/xuanhau/.m2/repository/org/junit/jupiter/junit-jupiter/5.12.2/junit-jupiter-5.12.2.jar:/home/xuanhau/.m2/repository/org/junit/jupiter/junit-jupiter-api/5.12.2/junit-jupiter-api-5.12.2.jar:/home/xuanhau/.m2/repository/org/opentest4j/opentest4j/1.3.0/opentest4j-1.3.0.jar:/home/xuanhau/.m2/repository/org/junit/platform/junit-platform-commons/1.12.2/junit-platform-commons-1.12.2.jar:/home/xuanhau/.m2/repository/org/apiguardian/apiguardian-api/1.1.2/apiguardian-api-1.1.2.jar:/home/xuanhau/.m2/repository/org/junit/jupiter/junit-jupiter-params/5.12.2/junit-jupiter-params-5.12.2.jar:/home/xuanhau/.m2/repository/org/junit/jupiter/junit-jupiter-engine/5.12.2/junit-jupiter-engine-5.12.2.jar:/home/xuanhau/.m2/repository/org/junit/platform/junit-platform-engine/1.12.2/junit-platform-engine-1.12.2.jar:/home/xuanhau/.m2/repository/org/mockito/mockito-core/5.17.0/mockito-core-5.17.0.jar:/home/xuanhau/.m2/repository/net/bytebuddy/byte-buddy-agent/1.17.8/byte-buddy-agent-1.17.8.jar:/home/xuanhau/.m2/repository/org/objenesis/objenesis/3.3/objenesis-3.3.jar:/home/xuanhau/.m2/repository/org/mockito/mockito-junit-jupiter/5.17.0/mockito-junit-jupiter-5.17.0.jar:/home/xuanhau/.m2/repository/org/skyscreamer/jsonassert/1.5.3/jsonassert-1.5.3.jar:/home/xuanhau/.m2/repository/com/vaadin/external/google/android-json/0.0.20131108.vaadin1/android-json-0.0.20131108.vaadin1.jar:/home/xuanhau/.m2/repository/org/springframework/spring-core/6.2.12/spring-core-6.2.12.jar:/home/xuanhau/.m2/repository/org/springframework/spring-jcl/6.2.12/spring-jcl-6.2.12.jar:/home/xuanhau/.m2/repository/org/springframework/spring-test/6.2.12/spring-test-6.2.12.jar:/home/xuanhau/.m2/repository/org/xmlunit/xmlunit-core/2.10.4/xmlunit-core-2.10.4.jar:/home/xuanhau/.m2/repository/com/mysql/mysql-connector-j/8.0.33/mysql-connector-j-8.0.33.jar:"/>
    <property name="sun.cpu.endian" value="little"/>
    <property name="user.home" value="/home/xuanhau"/>
    <property name="user.language" value="en"/>
    <property name="java.specification.vendor" value="Oracle Corporation"/>
    <property name="java.version.date" value="2025-04-15"/>
    <property name="java.home" value="/usr/lib/jvm/java-21-openjdk-amd64"/>
    <property name="file.separator" value="/"/>
    <property name="basedir" value="/home/xuanhau/CodeSpace/freelancer/livestream_app/livestream-web-server"/>
    <property name="java.vm.compressedOopsMode" value="32-bit"/>
    <property name="line.separator" value="&#10;"/>
    <property name="java.vm.specification.vendor" value="Oracle Corporation"/>
    <property name="java.specification.name" value="Java Platform API Specification"/>
    <property name="FILE_LOG_CHARSET" value="UTF-8"/>
    <property name="java.awt.headless" value="true"/>
    <property name="surefire.real.class.path" value="/home/xuanhau/CodeSpace/freelancer/livestream_app/livestream-web-server/target/surefire/surefirebooter-20251028154326005_3.jar"/>
    <property name="sun.management.compiler" value="HotSpot 64-Bit Tiered Compilers"/>
    <property name="java.runtime.version" value="21.0.7+6-Debian-1"/>
    <property name="user.name" value="xuanhau"/>
    <property name="stdout.encoding" value="UTF-8"/>
    <property name="path.separator" value=":"/>
    <property name="os.version" value="6.12.33+kali-amd64"/>
    <property name="java.runtime.name" value="OpenJDK Runtime Environment"/>
    <property name="file.encoding" value="UTF-8"/>
    <property name="java.vm.name" value="OpenJDK 64-Bit Server VM"/>
    <property name="localRepository" value="/home/xuanhau/.m2/repository"/>
    <property name="java.vendor.url.bug" value="https://bugs.debian.org/openjdk-21"/>
    <property name="java.io.tmpdir" value="/tmp"/>
    <property name="java.version" value="21.0.7"/>
    <property name="user.dir" value="/home/xuanhau/CodeSpace/freelancer/livestream_app/livestream-web-server"/>
    <property name="os.arch" value="amd64"/>
    <property name="java.vm.specification.name" value="Java Virtual Machine Specification"/>
    <property name="PID" value="357102"/>
    <property name="CONSOLE_LOG_CHARSET" value="UTF-8"/>
    <property name="native.encoding" value="UTF-8"/>
    <property name="java.library.path" value="/usr/java/packages/lib:/usr/lib/x86_64-linux-gnu/jni:/lib/x86_64-linux-gnu:/usr/lib/x86_64-linux-gnu:/usr/lib/jni:/lib:/usr/lib"/>
    <property name="java.vm.info" value="mixed mode, sharing"/>
    <property name="stderr.encoding" value="UTF-8"/>
    <property name="java.vendor" value="Debian"/>
    <property name="java.vm.version" value="21.0.7+6-Debian-1"/>
    <property name="sun.io.unicode.encoding" value="UnicodeLittle"/>
    <property name="java.class.version" value="65.0"/>
    <property name="LOGGED_APPLICATION_NAME" value="[livestream] "/>
  </properties>
  <testcase name="contextLoads" classname="com.example.livestream.LivestreamApplicationTests" time="0.54">
    <system-out><![CDATA[15:43:26.519 [main] INFO org.springframework.test.context.support.AnnotationConfigContextLoaderUtils -- Could not detect default configuration classes for test class [com.example.livestream.LivestreamApplicationTests]: LivestreamApplicationTests does not declare any static, non-private, non-final, nested classes annotated with @Configuration.
15:43:26.609 [main] INFO org.springframework.boot.test.context.SpringBootTestContextBootstrapper -- Found @SpringBootConfiguration com.example.livestream.LivestreamApplication for test class com.example.livestream.LivestreamApplicationTests
15:43:26.752 [main] INFO org.springframework.boot.devtools.restart.RestartApplicationListener -- Restart disabled due to context in which it is running

  .   ____          _            __ _ _
 /\\ / ___'_ __ _ _(_)_ __  __ _ \ \ \ \
( ( )\___ | '_ | '_| | '_ \/ _` | \ \ \ \
 \\/  ___)| |_)| | | | | || (_| |  ) ) ) )
  '  |____| .__|_| |_|_| |_\__, | / / / /
 =========|_|==============|___/=/_/_/_/

 :: Spring Boot ::                (v3.5.7)

2025-10-28T15:43:26.952+07:00  INFO 357102 --- [livestream] [           main] c.e.l.LivestreamApplicationTests         : Starting LivestreamApplicationTests using Java 21.0.7 with PID 357102 (started by xuanhau in /home/xuanhau/CodeSpace/freelancer/livestream_app/livestream-web-server)
2025-10-28T15:43:26.953+07:00  INFO 357102 --- [livestream] [           main] c.e.l.LivestreamApplicationTests         : No active profile set, falling back to 1 default profile: "default"
2025-10-28T15:43:28.010+07:00  INFO 357102 --- [livestream] [           main] c.e.l.LivestreamApplicationTests         : Started LivestreamApplicationTests in 1.267 seconds (process running for 1.955)
]]></system-out>
    <system-err><![CDATA[Mockito is currently self-attaching to enable the inline-mock-maker. This will no longer work in future releases of the JDK. Please add Mockito as an agent to your build as described in Mockito's documentation: https://javadoc.io/doc/org.mockito/mockito-core/latest/org.mockito/org/mockito/Mockito.html#0.3
WARNING: A Java agent has been loaded dynamically (/home/xuanhau/.m2/repository/net/bytebuddy/byte-buddy-agent/1.17.8/byte-buddy-agent-1.17.8.jar)
WARNING: If a serviceability tool is in use, please run with -XX:+EnableDynamicAgentLoading to hide this warning
WARNING: If a serviceability tool is not in use, please run with -Djdk.instrument.traceUsage for more information
WARNING: Dynamic loading of agents will be disallowed by default in a future release
]]></system-err>
  </testcase>
</testsuite>